<?xml version="1.0" encoding="UTF-8"?>
<!-- Generated by org.testng.reporters.JUnitReportReporter -->
<testsuite hostname="DESKTOP-VKHMIDK" failures="0" tests="1" name="com.CrashDataRetrival.testscript.CustomerModule" time="0.050" errors="0" timestamp="2024-06-12T19:06:12 IST" skipped="0">
  <testcase classname="com.CrashDataRetrival.testscript.CustomerModule" name="CreateCustomer" time="0.050">
    <system-out>
      <![CDATA[Hello World]]>
    </system-out>
  </testcase> <!-- CreateCustomer -->
  <system-out>
    <![CDATA[Hello World]]>
  </system-out>
</testsuite> <!-- com.CrashDataRetrival.testscript.CustomerModule -->
